[36m[2022-02-01 10:45:14] DEBUG   [0m | [36m[0. 4.][0m
[36m[2022-02-01 10:45:14] DEBUG   [0m | [36m[0. 4.][0m
[36m[2022-02-01 10:45:14] DEBUG   [0m | [36m[0.    3.995][0m
[36m[2022-02-01 10:45:14] DEBUG   [0m | [36m[0. 4.][0m
[36m[2022-02-01 10:45:14] DEBUG   [0m | [36m[0. 4.][0m
[36m[2022-02-01 10:45:14] DEBUG   [0m | [36m[0.    3.995][0m
[36m[2022-02-01 10:45:14] DEBUG   [0m | [36m[0. 4.][0m
[36m[2022-02-01 10:45:14] DEBUG   [0m | [36m[0. 4.][0m
[36m[2022-02-01 10:45:14] DEBUG   [0m | [36m[0.    3.995][0m
[36m[2022-02-01 10:45:14] DEBUG   [0m | [36m[0. 4.][0m
[36m[2022-02-01 10:45:14] DEBUG   [0m | [36m[0. 4.][0m
[36m[2022-02-01 10:45:14] DEBUG   [0m | [36m[0.    3.995][0m
[36m[2022-02-01 10:45:14] DEBUG   [0m | [36m[0. 4.][0m
[36m[2022-02-01 10:45:14] DEBUG   [0m | [36m[0. 4.][0m
[36m[2022-02-01 10:45:14] DEBUG   [0m | [36m[0.    3.995][0m
[36m[2022-02-01 10:45:14] DEBUG   [0m | [36m[0. 4.][0m
[36m[2022-02-01 10:45:14] DEBUG   [0m | [36m[0. 4.][0m
[36m[2022-02-01 10:45:14] DEBUG   [0m | [36m[0.    3.995][0m
[36m[2022-02-01 10:45:14] DEBUG   [0m | [36m[0. 4.][0m
[36m[2022-02-01 10:45:14] DEBUG   [0m | [36m[0. 4.][0m
[36m[2022-02-01 10:45:14] DEBUG   [0m | [36m[0.    3.995][0m
[36m[2022-02-01 10:45:14] DEBUG   [0m | [36m[0. 4.][0m
[36m[2022-02-01 10:45:14] DEBUG   [0m | [36m[0. 4.][0m
[36m[2022-02-01 10:45:14] DEBUG   [0m | [36m[0.    3.995][0m
[36m[2022-02-01 10:45:14] DEBUG   [0m | [36m[0. 4.][0m
[36m[2022-02-01 10:45:14] DEBUG   [0m | [36m[0. 4.][0m
[36m[2022-02-01 10:45:14] DEBUG   [0m | [36m[0.    3.995][0m
[36m[2022-02-01 10:45:14] DEBUG   [0m | [36m[0. 4.][0m
[36m[2022-02-01 10:45:14] DEBUG   [0m | [36m[0. 4.][0m
[36m[2022-02-01 10:45:14] DEBUG   [0m | [36m[0.    3.995][0m
[36m[2022-02-01 10:45:14] DEBUG   [0m | [36m[0. 4.][0m
[36m[2022-02-01 10:45:14] DEBUG   [0m | [36m[0. 4.][0m
[36m[2022-02-01 10:45:14] DEBUG   [0m | [36m[0.    3.995][0m
[36m[2022-02-01 10:45:14] DEBUG   [0m | [36m[0. 4.][0m
[36m[2022-02-01 10:45:14] DEBUG   [0m | [36m[0. 4.][0m
[36m[2022-02-01 10:45:14] DEBUG   [0m | [36m[0.    3.995][0m
[36m[2022-02-01 10:45:14] DEBUG   [0m | [36m[0. 4.][0m
[36m[2022-02-01 10:45:14] DEBUG   [0m | [36m[0. 4.][0m
[36m[2022-02-01 10:45:14] DEBUG   [0m | [36m[0.    3.995][0m
[36m[2022-02-01 10:45:14] DEBUG   [0m | [36m[0. 4.][0m
[36m[2022-02-01 10:45:14] DEBUG   [0m | [36m[0. 4.][0m
[36m[2022-02-01 10:45:14] DEBUG   [0m | [36m[0.    3.995][0m
[36m[2022-02-01 10:45:14] DEBUG   [0m | [36m[0. 4.][0m
[36m[2022-02-01 10:45:14] DEBUG   [0m | [36m[0. 4.][0m
[36m[2022-02-01 10:45:14] DEBUG   [0m | [36m[0.    3.995][0m
[36m[2022-02-01 10:45:15] DEBUG   [0m | [36m[0. 4.][0m
[36m[2022-02-01 10:45:15] DEBUG   [0m | [36m[0. 4.][0m
[36m[2022-02-01 10:45:15] DEBUG   [0m | [36m[0.    3.995][0m
[36m[2022-02-01 10:45:15] DEBUG   [0m | [36m[0. 4.][0m
[36m[2022-02-01 10:45:15] DEBUG   [0m | [36m[0. 4.][0m
[36m[2022-02-01 10:45:15] DEBUG   [0m | [36m[0.    3.995][0m
[36m[2022-02-01 10:45:15] DEBUG   [0m | [36m[0. 4.][0m
[36m[2022-02-01 10:45:15] DEBUG   [0m | [36m[0. 4.][0m
[36m[2022-02-01 10:45:15] DEBUG   [0m | [36m[0.    3.995][0m
[36m[2022-02-01 10:45:15] DEBUG   [0m | [36m[0. 4.][0m
[36m[2022-02-01 10:45:15] DEBUG   [0m | [36m[0. 4.][0m
[36m[2022-02-01 10:45:15] DEBUG   [0m | [36m[0.    3.995][0m
[36m[2022-02-01 10:45:15] DEBUG   [0m | [36m[0. 4.][0m
[36m[2022-02-01 10:45:15] DEBUG   [0m | [36m[0. 4.][0m
[36m[2022-02-01 10:45:15] DEBUG   [0m | [36m[0.    3.995][0m
[36m[2022-02-01 10:45:15] DEBUG   [0m | [36m[0. 4.][0m
[36m[2022-02-01 10:45:15] DEBUG   [0m | [36m[0. 4.][0m
[36m[2022-02-01 10:45:15] DEBUG   [0m | [36m[0.    3.995][0m
[36m[2022-02-01 10:45:15] DEBUG   [0m | [36m[0. 4.][0m
[36m[2022-02-01 10:45:15] DEBUG   [0m | [36m[0. 4.][0m
[36m[2022-02-01 10:45:15] DEBUG   [0m | [36m[0.    3.995][0m
[36m[2022-02-01 10:45:15] DEBUG   [0m | [36m[0. 4.][0m
[36m[2022-02-01 10:45:15] DEBUG   [0m | [36m[0. 4.][0m
[36m[2022-02-01 10:45:15] DEBUG   [0m | [36m[0.    3.995][0m
[36m[2022-02-01 10:45:15] DEBUG   [0m | [36m[0. 4.][0m
[36m[2022-02-01 10:45:15] DEBUG   [0m | [36m[0. 4.][0m
[36m[2022-02-01 10:45:15] DEBUG   [0m | [36m[0.    3.995][0m
[36m[2022-02-01 10:45:15] DEBUG   [0m | [36m[0. 4.][0m
[36m[2022-02-01 10:45:15] DEBUG   [0m | [36m[0. 4.][0m
[36m[2022-02-01 10:45:15] DEBUG   [0m | [36m[0.    3.995][0m
[36m[2022-02-01 10:45:15] DEBUG   [0m | [36m[0. 4.][0m
[36m[2022-02-01 10:45:15] DEBUG   [0m | [36m[0. 4.][0m
[36m[2022-02-01 10:45:15] DEBUG   [0m | [36m[0.    3.995][0m
[36m[2022-02-01 10:45:15] DEBUG   [0m | [36m[0. 4.][0m
[36m[2022-02-01 10:45:15] DEBUG   [0m | [36m[0. 4.][0m
[36m[2022-02-01 10:45:15] DEBUG   [0m | [36m[0.    3.995][0m
[36m[2022-02-01 10:45:15] DEBUG   [0m | [36m[0. 4.][0m
[36m[2022-02-01 10:45:15] DEBUG   [0m | [36m[0. 4.][0m
[36m[2022-02-01 10:45:15] DEBUG   [0m | [36m[0.    3.995][0m
[36m[2022-02-01 10:45:15] DEBUG   [0m | [36m[0. 4.][0m
[36m[2022-02-01 10:45:15] DEBUG   [0m | [36m[0. 4.][0m
[36m[2022-02-01 10:45:15] DEBUG   [0m | [36m[0.    3.995][0m
[36m[2022-02-01 10:45:15] DEBUG   [0m | [36m[0. 4.][0m
[36m[2022-02-01 10:45:15] DEBUG   [0m | [36m[0. 4.][0m
[36m[2022-02-01 10:45:15] DEBUG   [0m | [36m[0.01  3.995][0m
[36m[2022-02-01 10:45:15] DEBUG   [0m | [36m[0.0291 4.    ][0m
[36m[2022-02-01 10:45:15] DEBUG   [0m | [36m[0.056481 4.      ][0m
[36m[2022-02-01 10:45:15] DEBUG   [0m | [36m[0.09139771 3.995     ][0m
[36m[2022-02-01 10:45:15] DEBUG   [0m | [36m[0.13317192 4.        ][0m
[36m[2022-02-01 10:45:15] DEBUG   [0m | [36m[0.18118644 4.        ][0m
[36m[2022-02-01 10:45:15] DEBUG   [0m | [36m[0.23487966 3.995     ][0m
[36m[2022-02-01 10:45:15] DEBUG   [0m | [36m[0.29374049 4.        ][0m
[36m[2022-02-01 10:45:15] DEBUG   [0m | [36m[0.35730385 4.        ][0m
[36m[2022-02-01 10:45:15] DEBUG   [0m | [36m[0.4251465 3.995    ][0m
[36m[2022-02-01 10:45:15] DEBUG   [0m | [36m[0.49688332 4.        ][0m
[36m[2022-02-01 10:45:15] DEBUG   [0m | [36m[0.57216382 4.        ][0m
[36m[2022-02-01 10:45:15] DEBUG   [0m | [36m[0.65066908 3.995     ][0m
[36m[2022-02-01 10:45:15] DEBUG   [0m | [36m[0.73210886 4.        ][0m
[36m[2022-02-01 10:45:15] DEBUG   [0m | [36m[0.81621906 4.        ][0m
[36m[2022-02-01 10:45:15] DEBUG   [0m | [36m[0.90275935 3.995     ][0m
[36m[2022-02-01 10:45:16] DEBUG   [0m | [36m[0.991511 4.      ][0m
[36m[2022-02-01 10:45:16] DEBUG   [0m | [36m[1.08227501 4.        ][0m
[36m[2022-02-01 10:45:16] DEBUG   [0m | [36m[1.17487026 3.995     ][0m
[36m[2022-02-01 10:45:16] DEBUG   [0m | [36m[1.26913194 4.        ][0m
[36m[2022-02-01 10:45:16] DEBUG   [0m | [36m[1.36491006 4.        ][0m
[36m[2022-02-01 10:45:16] DEBUG   [0m | [36m[1.46206816 3.995     ][0m
[36m[2022-02-01 10:45:16] DEBUG   [0m | [36m[1.56048202 4.        ][0m
[36m[2022-02-01 10:45:16] DEBUG   [0m | [36m[1.66003864 4.        ][0m
[36m[2022-02-01 10:45:16] DEBUG   [0m | [36m[1.76063516 3.995     ][0m
[36m[2022-02-01 10:45:16] DEBUG   [0m | [36m[1.862178 4.      ][0m
[36m[2022-02-01 10:45:16] DEBUG   [0m | [36m[1.96458198 4.        ][0m
[36m[2022-02-01 10:45:16] DEBUG   [0m | [36m[2.0677696 4.195    ][0m
[36m[2022-02-01 10:45:16] DEBUG   [0m | [36m[2.17167034 4.385     ][0m
[36m[2022-02-01 10:45:16] DEBUG   [0m | [36m[2.27622001 4.57      ][0m
[36m[2022-02-01 10:45:16] DEBUG   [0m | [36m[2.38136021 4.75      ][0m
[36m[2022-02-01 10:45:16] DEBUG   [0m | [36m[2.48703779 4.925     ][0m
[36m[2022-02-01 10:45:16] DEBUG   [0m | [36m[2.5976094  5.10205356][0m
[36m[2022-02-01 10:45:16] DEBUG   [0m | [36m[2.70911377 5.27368359][0m
[36m[2022-02-01 10:45:16] DEBUG   [0m | [36m[2.82146347 5.4398901 ][0m
[36m[2022-02-01 10:45:16] DEBUG   [0m | [36m[2.93457927 5.60067309][0m
[36m[2022-02-01 10:45:16] DEBUG   [0m | [36m[3.04838934 5.75603255][0m
[36m[2022-02-01 10:45:16] DEBUG   [0m | [36m[3.16282862 5.9059685 ][0m
[36m[2022-02-01 10:45:16] DEBUG   [0m | [36m[3.27783813 6.05048092][0m
[36m[2022-02-01 10:45:16] DEBUG   [0m | [36m[3.39336442 6.18956981][0m
[36m[2022-02-01 10:45:16] DEBUG   [0m | [36m[3.50935904 6.32323519][0m
[36m[2022-02-01 10:45:16] DEBUG   [0m | [36m[3.62577811 6.45147704][0m
[36m[2022-02-01 10:45:16] DEBUG   [0m | [36m[3.74258182 6.57429537][0m
[36m[2022-02-01 10:45:16] DEBUG   [0m | [36m[3.85973414 6.69169017][0m
[36m[2022-02-01 10:45:16] DEBUG   [0m | [36m[3.97720238 6.80366145][0m
[36m[2022-02-01 10:45:16] DEBUG   [0m | [36m[4.09495693 6.91020921][0m
[36m[2022-02-01 10:45:16] DEBUG   [0m | [36m[4.21297095 7.01133345][0m
[36m[2022-02-01 10:45:16] DEBUG   [0m | [36m[4.33122012 7.10703417][0m
[36m[2022-02-01 10:45:16] DEBUG   [0m | [36m[4.44968241 7.19731136][0m
[36m[2022-02-01 10:45:16] DEBUG   [0m | [36m[4.56833783 7.28216503][0m
[36m[2022-02-01 10:45:16] DEBUG   [0m | [36m[4.68716828 7.36159517][0m
[36m[2022-02-01 10:45:16] DEBUG   [0m | [36m[4.80615735 7.43560179][0m
[36m[2022-02-01 10:45:16] DEBUG   [0m | [36m[4.92529018 7.50418489][0m
[36m[2022-02-01 10:45:16] DEBUG   [0m | [36m[5.04455329 7.56734447][0m
[36m[2022-02-01 10:45:16] DEBUG   [0m | [36m[5.16393447 7.62508053][0m
[36m[2022-02-01 10:45:16] DEBUG   [0m | [36m[5.28342265 7.67739306][0m
[36m[2022-02-01 10:45:16] DEBUG   [0m | [36m[5.3917107  7.72428207][0m
[36m[2022-02-01 10:45:16] DEBUG   [0m | [36m[5.48984845 7.76574755][0m
[36m[2022-02-01 10:45:16] DEBUG   [0m | [36m[5.57878734 7.80178952][0m
[36m[2022-02-01 10:45:16] DEBUG   [0m | [36m[5.6593896  7.83240796][0m
[36m[2022-02-01 10:45:16] DEBUG   [0m | [36m[5.73243668 7.85760288][0m
[36m[2022-02-01 10:45:16] DEBUG   [0m | [36m[5.79863674 7.87737427][0m
[36m[2022-02-01 10:45:16] DEBUG   [0m | [36m[5.85863159 7.89172214][0m
[36m[2022-02-01 10:45:16] DEBUG   [0m | [36m[5.91300287 7.90064649][0m
[36m[2022-02-01 10:45:16] DEBUG   [0m | [36m[5.9622777  7.90414732][0m
[36m[2022-02-01 10:45:16] DEBUG   [0m | [36m[6.00693379 7.90222462][0m
[36m[2022-02-01 10:45:16] DEBUG   [0m | [36m[6.        7.8948784][0m
[36m[2022-02-01 10:45:16] DEBUG   [0m | [36m[6.         7.88210866][0m
[36m[2022-02-01 10:45:16] DEBUG   [0m | [36m[6.        7.8639154][0m
[36m[2022-02-01 10:45:16] DEBUG   [0m | [36m[6.         7.84029861][0m
[36m[2022-02-01 10:45:16] DEBUG   [0m | [36m[6.        7.8112583][0m
[36m[2022-02-01 10:45:16] DEBUG   [0m | [36m[6.         7.77679446][0m
[36m[2022-02-01 10:45:16] DEBUG   [0m | [36m[6.         7.73690711][0m
[36m[2022-02-01 10:45:16] DEBUG   [0m | [36m[6.         7.69159623][0m
[36m[2022-02-01 10:45:16] DEBUG   [0m | [36m[6.         7.64086183][0m
[36m[2022-02-01 10:45:17] DEBUG   [0m | [36m[6.        7.5847039][0m
[36m[2022-02-01 10:45:17] DEBUG   [0m | [36m[6.         7.52312246][0m
[36m[2022-02-01 10:45:17] DEBUG   [0m | [36m[6.         7.45611749][0m
[36m[2022-02-01 10:45:17] DEBUG   [0m | [36m[6.         7.38368899][0m
[36m[2022-02-01 10:45:17] DEBUG   [0m | [36m[6.         7.30583698][0m
[36m[2022-02-01 10:45:17] DEBUG   [0m | [36m[6.         7.22256144][0m
[36m[2022-02-01 10:45:17] DEBUG   [0m | [36m[6.         7.13386238][0m
[36m[2022-02-01 10:45:17] DEBUG   [0m | [36m[6.         7.03973979][0m
[36m[2022-02-01 10:45:17] DEBUG   [0m | [36m[6.         6.94019369][0m
[36m[2022-02-01 10:45:17] DEBUG   [0m | [36m[6.         6.83522406][0m
[36m[2022-02-01 10:45:17] DEBUG   [0m | [36m[6.         6.72483091][0m
[36m[2022-02-01 10:45:17] DEBUG   [0m | [36m[6.         6.60901423][0m
[36m[2022-02-01 10:45:17] DEBUG   [0m | [36m[6.         6.48777403][0m
[36m[2022-02-01 10:45:17] DEBUG   [0m | [36m[6.         6.36111031][0m
[36m[2022-02-01 10:45:17] DEBUG   [0m | [36m[6.         6.22902307][0m
[36m[2022-02-01 10:45:17] DEBUG   [0m | [36m[6.        6.0915123][0m
[36m[2022-02-01 10:45:17] DEBUG   [0m | [36m[6.         5.94857801][0m
[36m[2022-02-01 10:45:17] DEBUG   [0m | [36m[6.        5.8002202][0m
[36m[2022-02-01 10:45:17] DEBUG   [0m | [36m[6.         5.64643886][0m
[36m[2022-02-01 10:45:17] DEBUG   [0m | [36m[6.         5.48723401][0m
[36m[2022-02-01 10:45:17] DEBUG   [0m | [36m[6.         5.79968146][0m
[36m[2022-02-01 10:45:17] DEBUG   [0m | [36m[6.         6.10670539][0m
[36m[2022-02-01 10:45:17] DEBUG   [0m | [36m[6.         6.40830579][0m
[36m[2022-02-01 10:45:17] DEBUG   [0m | [36m[6.         6.70448268][0m
[36m[2022-02-01 10:45:17] DEBUG   [0m | [36m[6.         6.99523604][0m
[36m[2022-02-01 10:45:17] DEBUG   [0m | [36m[6.         7.28056588][0m
[36m[2022-02-01 10:45:17] DEBUG   [0m | [36m[6.         7.56047219][0m
[36m[2022-02-01 10:45:17] DEBUG   [0m | [36m[6.         7.83495499][0m
[36m[2022-02-01 10:45:17] DEBUG   [0m | [36m[6.         8.10401426][0m
[36m[2022-02-01 10:45:17] DEBUG   [0m | [36m[6.      8.36765][0m
[36m[2022-02-01 10:45:17] DEBUG   [0m | [36m[6.         8.62586223][0m
[36m[2022-02-01 10:45:17] DEBUG   [0m | [36m[6.         8.87865093][0m
[36m[2022-02-01 10:45:17] DEBUG   [0m | [36m[6.         9.12601611][0m
[36m[2022-02-01 10:45:17] DEBUG   [0m | [36m[6.         9.36795777][0m
[36m[2022-02-01 10:45:17] DEBUG   [0m | [36m[6.        9.6044759][0m
[36m[2022-02-01 10:45:17] DEBUG   [0m | [36m[6.         9.83557051][0m
[36m[2022-02-01 10:45:17] DEBUG   [0m | [36m[ 6.        10.0612416][0m
[36m[2022-02-01 10:45:17] DEBUG   [0m | [36m[ 6.01129711 10.28148916][0m
[36m[2022-02-01 10:45:17] DEBUG   [0m | [36m[ 6.        10.4963132][0m
[36m[2022-02-01 10:45:17] DEBUG   [0m | [36m[ 6.01129711 10.70571372][0m
[36m[2022-02-01 10:45:17] DEBUG   [0m | [36m[ 6.         10.90969072][0m
[36m[2022-02-01 10:45:17] DEBUG   [0m | [36m[ 6.01129711 11.10824419][0m
[36m[2022-02-01 10:45:17] DEBUG   [0m | [36m[ 6.03283239 11.30137414][0m
[36m[2022-02-01 10:45:17] DEBUG   [0m | [36m[ 6.06364619 11.48908057][0m
[36m[2022-02-01 10:45:17] DEBUG   [0m | [36m[ 6.10286879 11.67136348][0m
[36m[2022-02-01 10:45:17] DEBUG   [0m | [36m[ 6.14971199 11.84822286][0m
[36m[2022-02-01 10:45:17] DEBUG   [0m | [36m[ 6.20346149 12.01965872][0m
[36m[2022-02-01 10:45:17] DEBUG   [0m | [36m[ 6.26346992 12.18567105][0m
[36m[2022-02-01 10:45:17] DEBUG   [0m | [36m[ 6.32915062 12.34625987][0m
[36m[2022-02-01 10:45:17] DEBUG   [0m | [36m[ 6.39997189 12.50142516][0m
[36m[2022-02-01 10:45:17] DEBUG   [0m | [36m[ 6.47545189 12.65116693][0m
[36m[2022-02-01 10:45:17] DEBUG   [0m | [36m[ 6.55515393 12.79548517][0m
[36m[2022-02-01 10:45:17] DEBUG   [0m | [36m[ 6.63868227 12.9343799 ][0m
[36m[2022-02-01 10:45:17] DEBUG   [0m | [36m[ 6.72567826 13.06785109][0m
[36m[2022-02-01 10:45:17] DEBUG   [0m | [36m[ 6.81581684 13.19589877][0m
[36m[2022-02-01 10:45:17] DEBUG   [0m | [36m[ 6.90880346 13.31852293][0m
[36m[2022-02-01 10:45:17] DEBUG   [0m | [36m[ 7.00437116 13.43572356][0m
[36m[2022-02-01 10:45:17] DEBUG   [0m | [36m[ 7.102278   13.54750067][0m
[36m[2022-02-01 10:45:18] DEBUG   [0m | [36m[ 7.20230472 13.65385425][0m
[36m[2022-02-01 10:45:18] DEBUG   [0m | [36m[ 7.30425262 13.75478431][0m
[36m[2022-02-01 10:45:18] DEBUG   [0m | [36m[ 7.40794161 13.85029085][0m
[36m[2022-02-01 10:45:18] DEBUG   [0m | [36m[ 7.5132085  13.94037387][0m
[36m[2022-02-01 10:45:18] DEBUG   [0m | [36m[ 7.61990539 14.02503337][0m
[36m[2022-02-01 10:45:18] DEBUG   [0m | [36m[ 7.72789823 14.10426934][0m
[36m[2022-02-01 10:45:18] DEBUG   [0m | [36m[ 7.83706556 14.17808179][0m
[36m[2022-02-01 10:45:18] DEBUG   [0m | [36m[ 7.94729727 14.24647071][0m
[36m[2022-02-01 10:45:18] DEBUG   [0m | [36m[ 8.0584936  14.30943612][0m
[36m[2022-02-01 10:45:18] DEBUG   [0m | [36m[ 8.17056413 14.366978  ][0m
[36m[2022-02-01 10:45:18] DEBUG   [0m | [36m[ 8.28342693 14.41909635][0m
[36m[2022-02-01 10:45:18] DEBUG   [0m | [36m[ 8.39700772 14.46579119][0m
[36m[2022-02-01 10:45:18] DEBUG   [0m | [36m[ 8.51123921 14.5070625 ][0m
[36m[2022-02-01 10:45:18] DEBUG   [0m | [36m[ 8.62606041 14.54291029][0m
[36m[2022-02-01 10:45:18] DEBUG   [0m | [36m[ 8.74141603 14.57333456][0m
[36m[2022-02-01 10:45:18] DEBUG   [0m | [36m[ 8.85725599 14.5983353 ][0m
[36m[2022-02-01 10:45:18] DEBUG   [0m | [36m[ 8.97353488 14.61791252][0m
[36m[2022-02-01 10:45:18] DEBUG   [0m | [36m[ 9.09021157 14.63206622][0m
[36m[2022-02-01 10:45:18] DEBUG   [0m | [36m[ 9.20724876 14.64079639][0m
[36m[2022-02-01 10:45:18] DEBUG   [0m | [36m[ 9.32461267 14.64410305][0m
[36m[2022-02-01 10:45:18] DEBUG   [0m | [36m[ 9.44227267 14.64198618][0m
[36m[2022-02-01 10:45:18] DEBUG   [0m | [36m[ 9.560201   14.63444578][0m
[36m[2022-02-01 10:45:18] DEBUG   [0m | [36m[ 9.67837252 14.62148187][0m
[36m[2022-02-01 10:45:18] DEBUG   [0m | [36m[ 9.79676442 14.60309443][0m
[36m[2022-02-01 10:45:18] DEBUG   [0m | [36m[ 9.90405895 14.57928347][0m
[36m[2022-02-01 10:45:18] DEBUG   [0m | [36m[10.00129631 14.55004898][0m
[36m[2022-02-01 10:45:18] DEBUG   [0m | [36m[10.0894192  14.51539097][0m
[36m[2022-02-01 10:45:18] DEBUG   [0m | [36m[10.16928196 14.47530944][0m
[36m[2022-02-01 10:45:18] DEBUG   [0m | [36m[10.24165885 14.42980439][0m
[36m[2022-02-01 10:45:18] DEBUG   [0m | [36m[10.30725154 14.37887581][0m
[36m[2022-02-01 10:45:18] DEBUG   [0m | [36m[10.36669595 14.32252372][0m
[36m[2022-02-01 10:45:18] DEBUG   [0m | [36m[10.42056838 14.26074809][0m
[36m[2022-02-01 10:45:18] DEBUG   [0m | [36m[10.48068823 14.19354895][0m
[36m[2022-02-01 10:45:18] DEBUG   [0m | [36m[10.5464699  14.12092628][0m
[36m[2022-02-01 10:45:18] DEBUG   [0m | [36m[10.61738268 14.04288009][0m
[36m[2022-02-01 10:45:18] DEBUG   [0m | [36m[10.69294561 13.95941038][0m
[36m[2022-02-01 10:45:18] DEBUG   [0m | [36m[10.77272281 13.87051715][0m
[36m[2022-02-01 10:45:18] DEBUG   [0m | [36m[10.85631926 13.77620039][0m
[36m[2022-02-01 10:45:18] DEBUG   [0m | [36m[10.94337697 13.67646011][0m
[36m[2022-02-01 10:45:18] DEBUG   [0m | [36m[11.0335715 13.5712963][0m
[36m[2022-02-01 10:45:18] DEBUG   [0m | [36m[11.12660882 13.46070898][0m
[36m[2022-02-01 10:45:18] DEBUG   [0m | [36m[11.21092535 13.34469813][0m
[36m[2022-02-01 10:45:18] DEBUG   [0m | [36m[11.28733854 13.22326375][0m
[36m[2022-02-01 10:45:18] DEBUG   [0m | [36m[11.36788631 13.09640586][0m
[36m[2022-02-01 10:45:18] DEBUG   [0m | [36m[11.45218109 12.96412444][0m
[36m[2022-02-01 10:45:18] DEBUG   [0m | [36m[11.53987168 12.8264195 ][0m
[36m[2022-02-01 10:45:18] DEBUG   [0m | [36m[11.63063976 12.68329104][0m
[36m[2022-02-01 10:45:18] DEBUG   [0m | [36m[11.72419687 12.53473905][0m
[36m[2022-02-01 10:45:18] DEBUG   [0m | [36m[11.82028158 12.38076354][0m
[36m[2022-02-01 10:45:18] DEBUG   [0m | [36m[11.91865697 12.22136451][0m
[36m[2022-02-01 10:45:18] DEBUG   [0m | [36m[12.01910833 12.05654195][0m
[36m[2022-02-01 10:45:18] DEBUG   [0m | [36m[12.12144106 11.88629588][0m
[36m[2022-02-01 10:45:18] DEBUG   [0m | [36m[12.22547881 11.71062628][0m
[36m[2022-02-01 10:45:18] DEBUG   [0m | [36m[12.33106177 11.52953315][0m
[36m[2022-02-01 10:45:18] DEBUG   [0m | [36m[12.4380451  11.34301651][0m
[36m[2022-02-01 10:45:18] DEBUG   [0m | [36m[12.53500043 11.15107634][0m
[36m[2022-02-01 10:45:18] DEBUG   [0m | [36m[12.62286773 10.95371265][0m
[36m[2022-02-01 10:45:18] DEBUG   [0m | [36m[12.70249885 10.75092543][0m
[36m[2022-02-01 10:45:18] DEBUG   [0m | [36m[12.77466581 10.54271469][0m
[36m[2022-02-01 10:45:18] DEBUG   [0m | [36m[12.84006825 10.32908043][0m
[36m[2022-02-01 10:45:19] DEBUG   [0m | [36m[12.89934025 10.11002265][0m
[36m[2022-02-01 10:45:19] DEBUG   [0m | [36m[12.95305643  9.88554134][0m
[36m[2022-02-01 10:45:19] DEBUG   [0m | [36m[13.00173756  9.65563652][0m
[36m[2022-02-01 10:45:19] DEBUG   [0m | [36m[13.04585561  9.42030816][0m
[36m[2022-02-01 10:45:19] DEBUG   [0m | [36m[13.09713539  9.17955629][0m
[36m[2022-02-01 10:45:19] DEBUG   [0m | [36m[13.15490561  8.93338089][0m
[36m[2022-02-01 10:45:19] DEBUG   [0m | [36m[13.21855788  9.        ][0m
[36m[2022-02-01 10:45:19] DEBUG   [0m | [36m[13.28754087  9.        ][0m
[36m[2022-02-01 10:45:19] DEBUG   [0m | [36m[13.36135489  8.99457648][0m
[36m[2022-02-01 10:45:19] DEBUG   [0m | [36m[13.43954712  9.        ][0m
[36m[2022-02-01 10:45:19] DEBUG   [0m | [36m[13.52170716  9.        ][0m
[36m[2022-02-01 10:45:19] DEBUG   [0m | [36m[13.6074631   8.99457648][0m
[36m[2022-02-01 10:45:19] DEBUG   [0m | [36m[13.69647788  9.        ][0m
[36m[2022-02-01 10:45:19] DEBUG   [0m | [36m[13.78844603  9.        ][0m
[36m[2022-02-01 10:45:19] DEBUG   [0m | [36m[13.88309073  8.99457648][0m
[36m[2022-02-01 10:45:19] DEBUG   [0m | [36m[13.98016108  9.        ][0m
[36m[2022-02-01 10:45:19] DEBUG   [0m | [36m[14.07942972  9.        ][0m
[36m[2022-02-01 10:45:19] DEBUG   [0m | [36m[14.1806906   8.99457648][0m
[36m[2022-02-01 10:45:19] DEBUG   [0m | [36m[14.28375698  8.98372943][0m
[36m[2022-02-01 10:45:19] DEBUG   [0m | [36m[14.38845961  8.96745886][0m
[36m[2022-02-01 10:45:19] DEBUG   [0m | [36m[14.49464512  8.94576477][0m
[36m[2022-02-01 10:45:19] DEBUG   [0m | [36m[14.60217453  8.91864716][0m
[36m[2022-02-01 10:45:19] DEBUG   [0m | [36m[14.71092185  8.88610602][0m
[36m[2022-02-01 10:45:19] DEBUG   [0m | [36m[14.80947583  8.84814136][0m
[36m[2022-02-01 10:45:19] DEBUG   [0m | [36m[14.89879192  8.80475318][0m
[36m[2022-02-01 10:45:19] DEBUG   [0m | [36m[14.97973604  8.75594147][0m
[36m[2022-02-01 10:45:19] DEBUG   [0m | [36m[15.05309292  8.70170625][0m
[36m[2022-02-01 10:45:19] DEBUG   [0m | [36m[15.11957376  8.64204749][0m
[36m[2022-02-01 10:45:19] DEBUG   [0m | [36m[15.17982306  8.57696522][0m
[36m[2022-02-01 10:45:19] DEBUG   [0m | [36m[15.23442494  8.50645942][0m
[36m[2022-02-01 10:45:19] DEBUG   [0m | [36m[15.28390875  8.4305301 ][0m
[36m[2022-02-01 10:45:19] DEBUG   [0m | [36m[15.32875424  8.34917726][0m
[36m[2022-02-01 10:45:19] DEBUG   [0m | [36m[15.36939617  8.2624009 ][0m
[36m[2022-02-01 10:45:19] DEBUG   [0m | [36m[15.41752566  8.17020101][0m
[36m[2022-02-01 10:45:19] DEBUG   [0m | [36m[15.47244088  8.0725776 ][0m
[36m[2022-02-01 10:45:19] DEBUG   [0m | [36m[15.53350577  7.96953067][0m
[36m[2022-02-01 10:45:19] DEBUG   [0m | [36m[15.6001439   7.86106021][0m
[36m[2022-02-01 10:45:19] DEBUG   [0m | [36m[15.67183285  7.74716623][0m
[36m[2022-02-01 10:45:19] DEBUG   [0m | [36m[15.74809921  7.62784873][0m
[36m[2022-02-01 10:45:19] DEBUG   [0m | [36m[15.8285139  7.5031077][0m
[36m[2022-02-01 10:45:19] DEBUG   [0m | [36m[15.91268808  7.37294316][0m
[36m[2022-02-01 10:45:19] DEBUG   [0m | [36m[16.00026937  7.23735509][0m
[36m[2022-02-01 10:45:19] DEBUG   [0m | [36m[16.1909384   7.09634349][0m
[36m[2022-02-01 10:45:19] DEBUG   [0m | [36m[16.38440575  6.94990838][0m
[36m[2022-02-01 10:45:19] DEBUG   [0m | [36m[16.58040911  7.        ][0m
[36m[2022-02-01 10:45:19] DEBUG   [0m | [36m[16.77871077  6.99457648][0m
[36m[2022-02-01 10:45:19] DEBUG   [0m | [36m[16.97909531  7.        ][0m
[36m[2022-02-01 10:45:19] DEBUG   [0m | [36m[17.18136749  6.99457648][0m
[36m[2022-02-01 10:45:19] DEBUG   [0m | [36m[17.38535037  7.        ][0m
[36m[2022-02-01 10:45:19] DEBUG   [0m | [36m[17.59088359  6.99457648][0m
[36m[2022-02-01 10:45:19] DEBUG   [0m | [36m[17.79782185  7.        ][0m
[36m[2022-02-01 10:45:19] DEBUG   [0m | [36m[17.99473633  6.99457648][0m
[36m[2022-02-01 10:45:19] DEBUG   [0m | [36m[18.18256661  7.        ][0m
[36m[2022-02-01 10:45:19] DEBUG   [0m | [36m[18.36216418  6.99457648][0m
[36m[2022-02-01 10:45:19] DEBUG   [0m | [36m[18.53430074  7.        ][0m
[36m[2022-02-01 10:45:19] DEBUG   [0m | [36m[18.69967563  6.99457648][0m
[36m[2022-02-01 10:45:19] DEBUG   [0m | [36m[18.85892266  7.        ][0m
[36m[2022-02-01 10:45:19] DEBUG   [0m | [36m[19.01261621  6.99457648][0m
[36m[2022-02-01 10:45:20] DEBUG   [0m | [36m[19.16127683  7.        ][0m
[36m[2022-02-01 10:45:20] DEBUG   [0m | [36m[19.30537629  6.99457648][0m
[36m[2022-02-01 10:45:20] DEBUG   [0m | [36m[19.44534212  7.        ][0m
[36m[2022-02-01 10:45:20] DEBUG   [0m | [36m[19.58156179  6.99457648][0m
[36m[2022-02-01 10:45:20] DEBUG   [0m | [36m[19.71438643  7.        ][0m
[36m[2022-02-01 10:45:20] DEBUG   [0m | [36m[19.84413428  6.99457648][0m
[36m[2022-02-01 10:45:20] DEBUG   [0m | [36m[19.97109374  7.        ][0m
[36m[2022-02-01 10:45:20] DEBUG   [0m | [36m[20.09552617  6.99457648][0m
[36m[2022-02-01 10:45:20] DEBUG   [0m | [36m[20.21766845  7.        ][0m
[36m[2022-02-01 10:45:20] DEBUG   [0m | [36m[20.33773523  6.99457648][0m
[36m[2022-02-01 10:45:20] DEBUG   [0m | [36m[20.45592108  7.        ][0m
[36m[2022-02-01 10:45:20] DEBUG   [0m | [36m[20.57240228  6.99457648][0m
[36m[2022-02-01 10:45:20] DEBUG   [0m | [36m[20.68733864  7.        ][0m
[36m[2022-02-01 10:45:20] DEBUG   [0m | [36m[20.80087494  6.99457648][0m
[36m[2022-02-01 10:45:20] DEBUG   [0m | [36m[20.90184533  7.        ][0m
[36m[2022-02-01 10:45:20] DEBUG   [0m | [36m[20.99142765  6.99457648][0m
[36m[2022-02-01 10:45:20] DEBUG   [0m | [36m[21.07068936  7.        ][0m
[36m[2022-02-01 10:45:20] DEBUG   [0m | [36m[21.14059785  6.99457648][0m
[36m[2022-02-01 10:45:20] DEBUG   [0m | [36m[21.20202984  7.        ][0m
[36m[2022-02-01 10:45:20] DEBUG   [0m | [36m[21.25577986  6.99457648][0m
[36m[2022-02-01 10:45:20] DEBUG   [0m | [36m[21.30256799  7.        ][0m
[36m[2022-02-01 10:45:20] DEBUG   [0m | [36m[21.34304678  6.99457648][0m
[36m[2022-02-01 10:45:20] DEBUG   [0m | [36m[21.37780765  7.        ][0m
[36m[2022-02-01 10:45:20] DEBUG   [0m | [36m[21.40738654  6.99457648][0m
[36m[2022-02-01 10:45:20] DEBUG   [0m | [36m[21.4322692  7.       ][0m
[36m[2022-02-01 10:45:20] DEBUG   [0m | [36m[21.45289582  6.99457648][0m
[36m[2022-02-01 10:45:20] DEBUG   [0m | [36m[21.46966534  7.        ][0m
[36m[2022-02-01 10:45:20] DEBUG   [0m | [36m[21.4829393   6.99457648][0m
[36m[2022-02-01 10:45:20] DEBUG   [0m | [36m[21.49304535  7.        ][0m
[36m[2022-02-01 10:45:20] DEBUG   [0m | [36m[21.50028044  6.99457648][0m
[36m[2022-02-01 10:45:20] DEBUG   [0m | [36m[21.50491366  7.        ][0m
[36m[2022-02-01 10:45:20] DEBUG   [0m | [36m[21.50718892  6.99457648][0m
[36m[2022-02-01 10:45:20] DEBUG   [0m | [36m[21.50732722  7.        ][0m
[36m[2022-02-01 10:45:20] DEBUG   [0m | [36m[21.50552888  6.99457648][0m
[36m[2022-02-01 10:45:20] DEBUG   [0m | [36m[21.50197542  7.        ][0m
[36m[2022-02-01 10:45:20] DEBUG   [0m | [36m[21.49683136  6.99457648][0m
[36m[2022-02-01 10:45:20] DEBUG   [0m | [36m[21.49024579  7.        ][0m
[36m[2022-02-01 10:45:20] DEBUG   [0m | [36m[21.48235383  6.99457648][0m
[36m[2022-02-01 10:45:20] DEBUG   [0m | [36m[21.47327794  7.        ][0m
[36m[2022-02-01 10:45:20] DEBUG   [0m | [36m[21.46312908  6.99457648][0m
[36m[2022-02-01 10:45:20] DEBUG   [0m | [36m[21.45200784  7.        ][0m
[36m[2022-02-01 10:45:20] DEBUG   [0m | [36m[21.44000536  6.99457648][0m
[36m[2022-02-01 10:45:20] DEBUG   [0m | [36m[21.42720424  7.        ][0m
[36m[2022-02-01 10:45:20] DEBUG   [0m | [36m[21.41367934  6.99457648][0m
[36m[2022-02-01 10:45:20] DEBUG   [0m | [36m[21.2994985  7.       ][0m
[36m[2022-02-01 10:45:20] DEBUG   [0m | [36m[21.18472321  6.99457648][0m
[36m[2022-02-01 10:45:20] DEBUG   [0m | [36m[21.06940919  6.98372943][0m
[36m[2022-02-01 10:45:20] DEBUG   [0m | [36m[20.95360693  6.96745886][0m
[36m[2022-02-01 10:45:20] DEBUG   [0m | [36m[20.83736221  6.94576477][0m
[36m[2022-02-01 10:45:20] DEBUG   [0m | [36m[20.72071649  6.91864716][0m
[36m[2022-02-01 10:45:20] DEBUG   [0m | [36m[20.60370736  6.88610602][0m
[36m[2022-02-01 10:45:20] DEBUG   [0m | [36m[20.48636889  6.84814136][0m
[36m[2022-02-01 10:45:20] DEBUG   [0m | [36m[20.36873194  6.80475318][0m
[36m[2022-02-01 10:45:20] DEBUG   [0m | [36m[20.25082449  6.75594147][0m
[36m[2022-02-01 10:45:20] DEBUG   [0m | [36m[20.13267191  6.70170625][0m
[36m[2022-02-01 10:45:20] DEBUG   [0m | [36m[20.01429716  6.64204749][0m
[36m[2022-02-01 10:45:20] DEBUG   [0m | [36m[19.89572107  6.57696522][0m
[36m[2022-02-01 10:45:20] DEBUG   [0m | [36m[19.77696252  6.50645942][0m
[36m[2022-02-01 10:45:20] DEBUG   [0m | [36m[19.6580386  6.4305301][0m
[36m[2022-02-01 10:45:21] DEBUG   [0m | [36m[19.53896481  6.34917726][0m
[36m[2022-02-01 10:45:21] DEBUG   [0m | [36m[19.41975522  6.2624009 ][0m
[36m[2022-02-01 10:45:21] DEBUG   [0m | [36m[19.30042253  6.17020101][0m
[36m[2022-02-01 10:45:21] DEBUG   [0m | [36m[19.1809783  6.0725776][0m
[36m[2022-02-01 10:45:21] DEBUG   [0m | [36m[19.06143298  5.96953067][0m
[36m[2022-02-01 10:45:21] DEBUG   [0m | [36m[18.94179604  5.86106021][0m
[36m[2022-02-01 10:45:21] DEBUG   [0m | [36m[18.83337317  5.74716623][0m
[36m[2022-02-01 10:45:21] DEBUG   [0m | [36m[18.73511325  5.62784873][0m
[36m[2022-02-01 10:45:21] DEBUG   [0m | [36m[18.65736074  5.5031077 ][0m
[36m[2022-02-01 10:45:21] DEBUG   [0m | [36m[18.59819342  5.37294316][0m
[36m[2022-02-01 10:45:21] DEBUG   [0m | [36m[18.5558692   5.23735509][0m
[36m[2022-02-01 10:45:21] DEBUG   [0m | [36m[18.52880932  5.09634349][0m
[36m[2022-02-01 10:45:21] DEBUG   [0m | [36m[18.51558298  4.94990838][0m
[36m[2022-02-01 10:45:21] DEBUG   [0m | [36m[18.51489351  4.79804974][0m
[36m[2022-02-01 10:45:21] DEBUG   [0m | [36m[18.52556577  4.64076758][0m
[36m[2022-02-01 10:45:21] DEBUG   [0m | [36m[18.54653478  4.84906588][0m
[36m[2022-02-01 10:45:21] DEBUG   [0m | [36m[18.57683538  5.05194066][0m
[36m[2022-02-01 10:45:21] DEBUG   [0m | [36m[18.61559289  5.24939191][0m
[36m[2022-02-01 10:45:21] DEBUG   [0m | [36m[18.66201459  5.44141965][0m
[36m[2022-02-01 10:45:21] DEBUG   [0m | [36m[18.7153821   5.62802386][0m
[36m[2022-02-01 10:45:21] DEBUG   [0m | [36m[18.77504435  5.80920455][0m
[36m[2022-02-01 10:45:21] DEBUG   [0m | [36m[18.84041131  5.98496171][0m
[36m[2022-02-01 10:45:21] DEBUG   [0m | [36m[18.91094826  6.15529535][0m
[36m[2022-02-01 10:45:21] DEBUG   [0m | [36m[18.98617058  6.32020547][0m
[36m[2022-02-01 10:45:21] DEBUG   [0m | [36m[19.06563911  6.47969207][0m
[36m[2022-02-01 10:45:21] DEBUG   [0m | [36m[19.14895581  6.63375514][0m
[36m[2022-02-01 10:45:21] DEBUG   [0m | [36m[19.23576     6.78239469][0m
[36m[2022-02-01 10:45:21] DEBUG   [0m | [36m[19.32572477  6.92561072][0m
[36m[2022-02-01 10:45:21] DEBUG   [0m | [36m[19.41855386  7.06340323][0m
[36m[2022-02-01 10:45:21] DEBUG   [0m | [36m[19.5139788   7.19577221][0m
[36m[2022-02-01 10:45:21] DEBUG   [0m | [36m[19.61175626  7.32271767][0m
[36m[2022-02-01 10:45:21] DEBUG   [0m | [36m[19.71166573  7.4442396 ][0m
[36m[2022-02-01 10:45:21] DEBUG   [0m | [36m[19.81350737  7.56033802][0m
[36m[2022-02-01 10:45:21] DEBUG   [0m | [36m[19.91710006  7.67101291][0m
[36m[2022-02-01 10:45:21] DEBUG   [0m | [36m[20.02227968  7.77626428][0m
[36m[2022-02-01 10:45:21] DEBUG   [0m | [36m[20.11760037  7.87609212][0m
[36m[2022-02-01 10:45:21] DEBUG   [0m | [36m[20.20398625  7.97049645][0m
[36m[2022-02-01 10:45:21] DEBUG   [0m | [36m[20.28227481  8.05947724][0m
[36m[2022-02-01 10:45:21] DEBUG   [0m | [36m[20.35322505  8.14303452][0m
[36m[2022-02-01 10:45:21] DEBUG   [0m | [36m[20.42882193  8.22116828][0m
[36m[2022-02-01 10:45:21] DEBUG   [0m | [36m[20.50862991  8.29387851][0m
[36m[2022-02-01 10:45:21] DEBUG   [0m | [36m[20.59225425  8.36116522][0m
[36m[2022-02-01 10:45:21] DEBUG   [0m | [36m[20.67933723  8.4230284 ][0m
[36m[2022-02-01 10:45:21] DEBUG   [0m | [36m[20.76955466  8.47946806][0m
[36m[2022-02-01 10:45:21] DEBUG   [0m | [36m[20.86261273  8.53048421][0m
[36m[2022-02-01 10:45:21] DEBUG   [0m | [36m[20.95824519  8.57607682][0m
[36m[2022-02-01 10:45:21] DEBUG   [0m | [36m[21.05621071  8.61624592][0m
[36m[2022-02-01 10:45:21] DEBUG   [0m | [36m[21.15629062  8.65099149][0m
[36m[2022-02-01 10:45:21] DEBUG   [0m | [36m[21.25828672  8.68031354][0m
[36m[2022-02-01 10:45:21] DEBUG   [0m | [36m[21.36201939  8.70421206][0m
[36m[2022-02-01 10:45:21] DEBUG   [0m | [36m[21.46732587  8.72268707][0m
[36m[2022-02-01 10:45:21] DEBUG   [0m | [36m[21.57405864  8.73573855][0m
[36m[2022-02-01 10:45:21] DEBUG   [0m | [36m[21.68208399  8.74336651][0m
[36m[2022-02-01 10:45:21] DEBUG   [0m | [36m[21.79128078  8.74557094][0m
[36m[2022-02-01 10:45:21] DEBUG   [0m | [36m[21.9015392   8.74235185][0m
[36m[2022-02-01 10:45:21] DEBUG   [0m | [36m[22.01275973  8.73370924][0m
[36m[2022-02-01 10:45:21] DEBUG   [0m | [36m[22.          8.71964311][0m
[36m[2022-02-01 10:45:21] DEBUG   [0m | [36m[22.01129711  8.70015345][0m
[36m[2022-02-01 10:45:21] DEBUG   [0m | [36m[22.          8.67524027][0m
[36m[2022-02-01 10:45:22] DEBUG   [0m | [36m[22.01129711  8.64490357][0m
[36m[2022-02-01 10:45:22] DEBUG   [0m | [36m[22.          8.60914335][0m
[36m[2022-02-01 10:45:22] DEBUG   [0m | [36m[22.01129711  8.5679596 ][0m
[36m[2022-02-01 10:45:22] DEBUG   [0m | [36m[22.          8.52135233][0m
[36m[2022-02-01 10:45:22] DEBUG   [0m | [36m[22.01129711  8.46932153][0m
[36m[2022-02-01 10:45:22] DEBUG   [0m | [36m[22.          8.41186722][0m
[36m[2022-02-01 10:45:22] DEBUG   [0m | [36m[22.01129711  8.34898938][0m
[36m[2022-02-01 10:45:22] DEBUG   [0m | [36m[22.          8.28068802][0m
[36m[2022-02-01 10:45:22] DEBUG   [0m | [36m[22.01129711  8.20696313][0m
[36m[2022-02-01 10:45:22] DEBUG   [0m | [36m[22.          8.12781473][0m
[36m[2022-02-01 10:45:22] DEBUG   [0m | [36m[22.01129711  8.0432428 ][0m
[36m[2022-02-01 10:45:22] DEBUG   [0m | [36m[22.03283239  7.95324734][0m
[36m[2022-02-01 10:45:22] DEBUG   [0m | [36m[22.06364619  7.85782837][0m
[36m[2022-02-01 10:45:22] DEBUG   [0m | [36m[22.10286879  7.75698587][0m
[36m[2022-02-01 10:45:22] DEBUG   [0m | [36m[22.14971199  7.65071985][0m
[36m[2022-02-01 10:45:22] DEBUG   [0m | [36m[22.20346149  7.5390303 ][0m
[36m[2022-02-01 10:45:22] DEBUG   [0m | [36m[22.26346992  7.42191724][0m
[36m[2022-02-01 10:45:22] DEBUG   [0m | [36m[22.32915062  7.29938065][0m
[36m[2022-02-01 10:45:22] DEBUG   [0m | [36m[22.39997189  7.17142053][0m
[36m[2022-02-01 10:45:22] DEBUG   [0m | [36m[22.47545189  7.0380369 ][0m
[36m[2022-02-01 10:45:22] DEBUG   [0m | [36m[22.55515393  6.89922974][0m
[36m[2022-02-01 10:45:22] DEBUG   [0m | [36m[22.63868227  6.75499906][0m
[36m[2022-02-01 10:45:22] DEBUG   [0m | [36m[22.72567826  6.60534486][0m
[36m[2022-02-01 10:45:22] DEBUG   [0m | [36m[22.81581684  6.45026713][0m
[36m[2022-02-01 10:45:22] DEBUG   [0m | [36m[22.90880346  6.28976588][0m
[36m[2022-02-01 10:45:22] DEBUG   [0m | [36m[23.00437116  6.12384111][0m
[36m[2022-02-01 10:45:22] DEBUG   [0m | [36m[23.102278    5.95249281][0m
[36m[2022-02-01 10:45:22] DEBUG   [0m | [36m[23.20230472  5.77572099][0m
[36m[2022-02-01 10:45:22] DEBUG   [0m | [36m[23.30425262  5.59352565][0m
[36m[2022-02-01 10:45:22] DEBUG   [0m | [36m[23.40794161  5.40590679][0m
[36m[2022-02-01 10:45:22] DEBUG   [0m | [36m[23.5132085  5.2128644][0m
[36m[2022-02-01 10:45:22] DEBUG   [0m | [36m[23.61990539  5.01439849][0m
[36m[2022-02-01 10:45:22] DEBUG   [0m | [36m[23.72789823  4.81050906][0m
[36m[2022-02-01 10:45:22] DEBUG   [0m | [36m[23.83706556  4.60119611][0m
[36m[2022-02-01 10:45:22] DEBUG   [0m | [36m[23.94729727  4.38645963][0m
[36m[2022-02-01 10:45:22] DEBUG   [0m | [36m[24.0584936   4.16629963][0m
[36m[2022-02-01 10:45:22] DEBUG   [0m | [36m[13.11207054  8.77441648][0m
[36m[2022-02-01 10:45:22] DEBUG   [0m | [36m[13.22493333  9.        ][0m
[36m[2022-02-01 10:45:22] DEBUG   [0m | [36m[13.33851412  9.        ][0m
[36m[2022-02-01 10:45:22] DEBUG   [0m | [36m[13.45274561  8.99457648][0m
[36m[2022-02-01 10:45:22] DEBUG   [0m | [36m[13.56756681  9.        ][0m
[36m[2022-02-01 10:45:22] DEBUG   [0m | [36m[13.67162533  9.        ][0m
[36m[2022-02-01 10:45:22] DEBUG   [0m | [36m[13.76593     8.99457648][0m
[36m[2022-02-01 10:45:22] DEBUG   [0m | [36m[13.85139509  9.        ][0m
[36m[2022-02-01 10:45:22] DEBUG   [0m | [36m[13.92884918  9.        ][0m
[36m[2022-02-01 10:45:22] DEBUG   [0m | [36m[13.99904317  8.99457648][0m
[36m[2022-02-01 10:45:22] DEBUG   [0m | [36m[14.          8.98372943][0m
[36m[2022-02-01 10:45:22] DEBUG   [0m | [36m[14.          8.96745886][0m
[36m[2022-02-01 10:45:22] DEBUG   [0m | [36m[14.          8.94576477][0m
[36m[2022-02-01 10:45:22] DEBUG   [0m | [36m[14.          8.91864716][0m
[36m[2022-02-01 10:45:22] DEBUG   [0m | [36m[14.          8.88610602][0m
[36m[2022-02-01 10:45:22] DEBUG   [0m | [36m[13.          8.96203534][0m
[36m[2022-02-01 10:45:22] DEBUG   [0m | [36m[13.  9.][0m
[36m[2022-02-01 10:45:22] DEBUG   [0m | [36m[13.  9.][0m
[36m[2022-02-01 10:45:22] DEBUG   [0m | [36m[13.          8.99457648][0m
[36m[2022-02-01 10:45:22] DEBUG   [0m | [36m[13.  9.][0m
[36m[2022-02-01 10:45:22] DEBUG   [0m | [36m[13.  9.][0m
[36m[2022-02-01 10:45:22] DEBUG   [0m | [36m[13.          8.99457648][0m
[36m[2022-02-01 10:45:22] DEBUG   [0m | [36m[13.  9.][0m
[36m[2022-02-01 10:45:22] DEBUG   [0m | [36m[13.  9.][0m
[36m[2022-02-01 10:45:23] DEBUG   [0m | [36m[13.          8.99457648][0m
[36m[2022-02-01 10:45:23] DEBUG   [0m | [36m[13.  9.][0m
[36m[2022-02-01 10:45:23] DEBUG   [0m | [36m[13.  9.][0m
[36m[2022-02-01 10:45:23] DEBUG   [0m | [36m[13.          8.99457648][0m
[36m[2022-02-01 10:45:23] DEBUG   [0m | [36m[13.  9.][0m
[36m[2022-02-01 10:45:23] DEBUG   [0m | [36m[13.  9.][0m
[36m[2022-02-01 10:45:23] DEBUG   [0m | [36m[13.          8.99457648][0m
[36m[2022-02-01 10:45:23] DEBUG   [0m | [36m[13.  9.][0m
[36m[2022-02-01 10:45:23] DEBUG   [0m | [36m[13.  9.][0m
[36m[2022-02-01 10:45:23] DEBUG   [0m | [36m[13.          8.99457648][0m
[36m[2022-02-01 10:45:23] DEBUG   [0m | [36m[13.  9.][0m
[36m[2022-02-01 10:45:23] DEBUG   [0m | [36m[13.  9.][0m
[36m[2022-02-01 10:45:23] DEBUG   [0m | [36m[13.          8.99457648][0m
[36m[2022-02-01 10:45:23] DEBUG   [0m | [36m[13.  9.][0m
[36m[2022-02-01 10:45:23] DEBUG   [0m | [36m[13.  9.][0m
[36m[2022-02-01 10:45:23] DEBUG   [0m | [36m[13.          8.99457648][0m
[36m[2022-02-01 10:45:23] DEBUG   [0m | [36m[13.  9.][0m
[36m[2022-02-01 10:45:23] DEBUG   [0m | [36m[13.  9.][0m
[36m[2022-02-01 10:45:23] DEBUG   [0m | [36m[13.          8.99457648][0m
[36m[2022-02-01 10:45:23] DEBUG   [0m | [36m[13.  9.][0m
[36m[2022-02-01 10:45:23] DEBUG   [0m | [36m[13.  9.][0m
[36m[2022-02-01 10:45:23] DEBUG   [0m | [36m[13.          8.99457648][0m
[36m[2022-02-01 10:45:23] DEBUG   [0m | [36m[13.  9.][0m
[36m[2022-02-01 10:45:23] DEBUG   [0m | [36m[13.  9.][0m
[36m[2022-02-01 10:45:23] DEBUG   [0m | [36m[13.          8.99457648][0m
[36m[2022-02-01 10:45:23] DEBUG   [0m | [36m[13.  9.][0m
[36m[2022-02-01 10:45:23] DEBUG   [0m | [36m[13.  9.][0m
[36m[2022-02-01 10:45:23] DEBUG   [0m | [36m[13.          8.99457648][0m
[36m[2022-02-01 10:45:23] DEBUG   [0m | [36m[13.  9.][0m
[36m[2022-02-01 10:45:23] DEBUG   [0m | [36m[13.  9.][0m
[36m[2022-02-01 10:45:23] DEBUG   [0m | [36m[13.          8.99457648][0m
[36m[2022-02-01 10:45:23] DEBUG   [0m | [36m[13.  9.][0m
[36m[2022-02-01 10:45:23] DEBUG   [0m | [36m[13.  9.][0m
[36m[2022-02-01 10:45:23] DEBUG   [0m | [36m[13.          8.99457648][0m
[36m[2022-02-01 10:45:23] DEBUG   [0m | [36m[13.  9.][0m
[36m[2022-02-01 10:45:23] DEBUG   [0m | [36m[13.  9.][0m
[36m[2022-02-01 10:45:23] DEBUG   [0m | [36m[13.          8.99457648][0m
[36m[2022-02-01 10:45:23] DEBUG   [0m | [36m[13.  9.][0m
[36m[2022-02-01 10:45:23] DEBUG   [0m | [36m[13.  9.][0m
[36m[2022-02-01 10:45:23] DEBUG   [0m | [36m[13.          8.99457648][0m
[36m[2022-02-01 10:45:23] DEBUG   [0m | [36m[13.  9.][0m
[36m[2022-02-01 10:45:23] DEBUG   [0m | [36m[13.  9.][0m
[36m[2022-02-01 10:45:23] DEBUG   [0m | [36m[13.          8.99457648][0m
[36m[2022-02-01 10:45:23] DEBUG   [0m | [36m[13.  9.][0m
[36m[2022-02-01 10:45:23] DEBUG   [0m | [36m[13.  9.][0m
[36m[2022-02-01 10:45:23] DEBUG   [0m | [36m[13.          8.99457648][0m
[36m[2022-02-01 10:45:23] DEBUG   [0m | [36m[13.  9.][0m
[36m[2022-02-01 10:45:23] DEBUG   [0m | [36m[13.  9.][0m
[36m[2022-02-01 10:45:23] DEBUG   [0m | [36m[13.          8.99457648][0m
[36m[2022-02-01 10:45:23] DEBUG   [0m | [36m[13.  9.][0m
[36m[2022-02-01 10:45:23] DEBUG   [0m | [36m[13.  9.][0m
[36m[2022-02-01 10:45:23] DEBUG   [0m | [36m[13.          8.99457648][0m
[36m[2022-02-01 10:45:23] DEBUG   [0m | [36m[13.  9.][0m
[36m[2022-02-01 10:45:23] DEBUG   [0m | [36m[13.  9.][0m
[36m[2022-02-01 10:45:23] DEBUG   [0m | [36m[13.          8.99457648][0m
[36m[2022-02-01 10:45:23] DEBUG   [0m | [36m[13.  9.][0m
[36m[2022-02-01 10:45:23] DEBUG   [0m | [36m[13.  9.][0m
[36m[2022-02-01 10:45:23] DEBUG   [0m | [36m[13.          8.99457648][0m
[36m[2022-02-01 10:45:23] DEBUG   [0m | [36m[13.  9.][0m
[36m[2022-02-01 10:45:23] DEBUG   [0m | [36m[13.  9.][0m
[36m[2022-02-01 10:45:24] DEBUG   [0m | [36m[13.          8.99457648][0m
[36m[2022-02-01 10:45:24] DEBUG   [0m | [36m[13.  9.][0m
[36m[2022-02-01 10:45:24] DEBUG   [0m | [36m[13.  9.][0m
[36m[2022-02-01 10:45:24] DEBUG   [0m | [36m[13.          8.99457648][0m
[36m[2022-02-01 10:45:24] DEBUG   [0m | [36m[13.  9.][0m
[36m[2022-02-01 10:45:24] DEBUG   [0m | [36m[13.  9.][0m
[36m[2022-02-01 10:45:24] DEBUG   [0m | [36m[13.          8.99457648][0m
[36m[2022-02-01 10:45:24] DEBUG   [0m | [36m[13.  9.][0m
[36m[2022-02-01 10:45:24] DEBUG   [0m | [36m[13.  9.][0m
[36m[2022-02-01 10:45:24] DEBUG   [0m | [36m[13.          8.99457648][0m
[36m[2022-02-01 10:45:24] DEBUG   [0m | [36m[13.  9.][0m
[36m[2022-02-01 10:45:24] DEBUG   [0m | [36m[13.  9.][0m
[36m[2022-02-01 10:45:24] DEBUG   [0m | [36m[13.          8.99457648][0m
[36m[2022-02-01 10:45:24] DEBUG   [0m | [36m[13.  9.][0m
[36m[2022-02-01 10:45:24] DEBUG   [0m | [36m[13.  9.][0m
[36m[2022-02-01 10:45:24] DEBUG   [0m | [36m[13.          8.99457648][0m
[36m[2022-02-01 10:45:24] DEBUG   [0m | [36m[13.  9.][0m
[36m[2022-02-01 10:45:24] DEBUG   [0m | [36m[13.  9.][0m
[36m[2022-02-01 10:45:24] DEBUG   [0m | [36m[13.          8.99457648][0m
[36m[2022-02-01 10:45:24] DEBUG   [0m | [36m[13.  9.][0m
[36m[2022-02-01 10:45:24] DEBUG   [0m | [36m[13.  9.][0m
[36m[2022-02-01 10:45:24] DEBUG   [0m | [36m[13.          8.99457648][0m
[36m[2022-02-01 10:45:24] DEBUG   [0m | [36m[13.  9.][0m
[36m[2022-02-01 10:45:24] DEBUG   [0m | [36m[13.  9.][0m
[36m[2022-02-01 10:45:24] DEBUG   [0m | [36m[13.          8.99457648][0m
[36m[2022-02-01 10:45:24] DEBUG   [0m | [36m[13.  9.][0m
[36m[2022-02-01 10:45:24] DEBUG   [0m | [36m[13.  9.][0m
[36m[2022-02-01 10:45:24] DEBUG   [0m | [36m[13.          8.99457648][0m
